<?xml version="1.0" encoding="UTF-8"?>
<!-- Generated by org.testng.reporters.JUnitXMLReporter -->
<testsuite ignored="0" hostname="Vanithamanis-MacBook-Pro.local" failures="0" tests="3" name="Demo" time="39.307" errors="0" timestamp="2022-07-15T10:44:57 IST">
  <testcase classname="testcases.ValidateCenterText" name="validateText" time="0.021"/>
  <testcase classname="testcases.LoginScenario" name="navigatingHomePage" time="0.257"/>
  <testcase classname="testcases.LoginScenario" name="navigatingHomePage" time="0.122"/>
</testsuite> <!-- Demo -->
