<?xml version="1.0" encoding="UTF-8"?>
<!-- Generated by org.testng.reporters.JUnitXMLReporter -->
<testsuite ignored="0" hostname="Vanithamanis-MacBook-Pro.local" failures="1" tests="3" name="Demo" time="27.656" errors="0" timestamp="2022-07-15T12:14:49 IST">
  <testcase classname="testcases.LoginScenario" name="navigatingHomePage" time="0.169"/>
  <testcase classname="testcases.LoginScenario" name="navigatingHomePage" time="0.119"/>
  <testcase classname="testcases.ValidateCenterText" name="validateText" time="0.023">
    <failure type="java.lang.AssertionError" message="expected [FEATURED COURSES12] but found [FEATURED COURSES]">
      <![CDATA[java.lang.AssertionError: expected [FEATURED COURSES12] but found [FEATURED COURSES]
at testcases.ValidateCenterText.validateText(ValidateCenterText.java:25)
at java.base/java.util.concurrent.ThreadPoolExecutor.runWorker(ThreadPoolExecutor.java:1136)
at java.base/java.util.concurrent.ThreadPoolExecutor$Worker.run(ThreadPoolExecutor.java:635)
at java.base/java.lang.Thread.run(Thread.java:833)
... Removed 16 stack frames]]>
    </failure>
  </testcase> <!-- validateText -->
</testsuite> <!-- Demo -->
